ERROR - 2023-07-18 18:08:25,302 - [[1, 2, 6], [3, 4, 5]] and [[1, 3, 5], [3, 5, 7]] не равны
ERROR - 2023-07-18 18:09:51,924 - [[1, 2, 6], [3, 4, 5]] and [[1, 3, 5], [3, 5, 7]] не равны
ERROR - 2023-07-18 18:11:16,714 - [[1, 2, 6], [3, 4, 5]] and [[1, 3, 5], [3, 5, 7]] не равны
ERROR - 2023-07-18 18:11:41,164 - [[1, 2, 6], [3, 4, 5]] and [[1, 3, 5], [3, 5, 7], [3, 5, 8]] нельзя складывать, тк они разного размера
ERROR - 2023-07-18 18:11:41,171 - [[1, 2, 6], [3, 4, 5]] and [[1, 3, 5], [3, 5, 7], [3, 5, 8]] нельзя вычитать, тк они разного размера
ERROR - 2023-07-18 18:47:33,142 - Матрицы [[1, 2, 6], [3, 4, 5]] and [[1, 3, 5], [3, 5, 7], [3, 5, 8]] нельзя складывать, т.к. они разного размера
ERROR - 2023-07-18 18:47:33,143 - Матрицы [[1, 2, 6], [3, 4, 5]] and [[1, 3, 5], [3, 5, 7], [3, 5, 8]] нельзя вычитать, т.к. они разного размера
ERROR - 2023-07-18 18:47:43,780 - Матрицы [[1, 2, 6], [3, 4, 5]] and [[1, 3, 5], [3, 5, 7], [3, 5, 8]] нельзя складывать, т.к. они разного размера
ERROR - 2023-07-18 18:47:43,780 - Матрицы [[1, 2, 6], [3, 4, 5]] and [[1, 3, 5], [3, 5, 7], [3, 5, 8]] нельзя вычитать, т.к. они разного размера
ERROR - 2023-07-18 18:48:53,823 - Матрицы [[1, 2, 6], [3, 4, 5]] and [[1, 3, 5], [3, 5, 7], [3, 5, 8]] нельзя складывать, т.к. они разного размера
INFO - 2023-07-18 18:48:53,831 - [[1, 2, 6], [3, 4, 5]], [[1, 3, 5], [3, 5, 7], [3, 5, 8]] = сумма = Складывать матрицы разного размера нельзя, вычитание = {self.subtracting_matrix()}. Умножение : {self.mult_matrix()}
ERROR - 2023-07-18 18:49:26,494 - Матрицы [[1, 2, 6], [3, 4, 5]] and [[1, 3, 5], [3, 5, 7], [3, 5, 8]] нельзя складывать, т.к. они разного размера
INFO - 2023-07-18 18:49:26,499 - [[1, 2, 6], [3, 4, 5]], [[1, 3, 5], [3, 5, 7], [3, 5, 8]] = сумма = Складывать матрицы разного размера нельзя, вычитание = {self.subtracting_matrix()}. Умножение : {self.mult_matrix()}
ERROR - 2023-07-18 18:49:26,499 - Матрицы [[1, 2, 6], [3, 4, 5]] and [[1, 3, 5], [3, 5, 7], [3, 5, 8]] нельзя складывать, т.к. они разного размера
ERROR - 2023-07-18 18:49:26,499 - Матрицы [[1, 2, 6], [3, 4, 5]] and [[1, 3, 5], [3, 5, 7], [3, 5, 8]] нельзя вычитать, т.к. они разного размера
ERROR - 2023-07-18 18:49:42,911 - Матрицы [[1, 2, 6], [3, 4, 5]] and [[1, 3, 5], [3, 5, 7], [3, 5, 8]] нельзя складывать, т.к. они разного размера
ERROR - 2023-07-18 18:49:42,911 - Матрицы [[1, 2, 6], [3, 4, 5]] and [[1, 3, 5], [3, 5, 7], [3, 5, 8]] нельзя вычитать, т.к. они разного размера
ERROR - 2023-07-18 18:50:02,259 - Матрицы [[1, 2, 6], [3, 4, 5]] and [[1, 3, 5], [3, 5, 7], [3, 5, 8]] нельзя складывать, т.к. они разного размера
ERROR - 2023-07-18 18:50:02,261 - Матрицы [[1, 2, 6], [3, 4, 5]] and [[1, 3, 5], [3, 5, 7], [3, 5, 8]] нельзя вычитать, т.к. они разного размера
INFO - 2023-07-18 18:50:02,261 - [[1, 2, 6], [3, 4, 5]], [[1, 3, 5], [3, 5, 7], [3, 5, 8]] = сумма = Складывать матрицы разного размера нельзя, вычитание = Вычитать матрицы разного размера нельзя. Умножение : [[25, 43, 67], [30, 54, 83]]
ERROR - 2023-07-18 18:50:02,261 - Матрицы [[1, 2, 6], [3, 4, 5]] and [[1, 3, 5], [3, 5, 7], [3, 5, 8]] нельзя складывать, т.к. они разного размера
ERROR - 2023-07-18 18:50:02,262 - Матрицы [[1, 2, 6], [3, 4, 5]] and [[1, 3, 5], [3, 5, 7], [3, 5, 8]] нельзя вычитать, т.к. они разного размера
ERROR - 2023-07-18 19:04:13,136 - Матрицы [[1, 2, 6], [3, 4, 5]] and [[1, 3, 5], [3, 5, 7], [3, 5, 8]] нельзя складывать, т.к. они разного размера
ERROR - 2023-07-18 19:04:13,139 - Матрицы [[1, 2, 6], [3, 4, 5]] and [[1, 3, 5], [3, 5, 7], [3, 5, 8]] нельзя вычитать, т.к. они разного размера
INFO - 2023-07-18 19:04:13,140 - [[1, 2, 6], [3, 4, 5]], [[1, 3, 5], [3, 5, 7], [3, 5, 8]] = сумма = Складывать матрицы разного размера нельзя, вычитание = Вычитать матрицы разного размера нельзя. Умножение : [[25, 43, 67], [30, 54, 83]]
ERROR - 2023-07-18 19:04:13,141 - Матрицы [[1, 2, 6], [3, 4, 5]] and [[1, 3, 5], [3, 5, 7], [3, 5, 8]] нельзя складывать, т.к. они разного размера
ERROR - 2023-07-18 19:04:13,141 - Матрицы [[1, 2, 6], [3, 4, 5]] and [[1, 3, 5], [3, 5, 7], [3, 5, 8]] нельзя вычитать, т.к. они разного размера
ERROR - 2023-07-18 19:09:19,605 - Матрицы [[1, 2, 6], [3, 4, 5]] and [[1, 3, 5], [3, 5, 7], [3, 5, 8]] нельзя складывать, т.к. они разного размера
ERROR - 2023-07-18 19:09:19,607 - Матрицы [[1, 2, 6], [3, 4, 5]] and [[1, 3, 5], [3, 5, 7], [3, 5, 8]] нельзя вычитать, т.к. они разного размера
INFO - 2023-07-18 19:09:19,608 - [[1, 2, 6], [3, 4, 5]], [[1, 3, 5], [3, 5, 7], [3, 5, 8]] = сумма = Складывать матрицы разного размера нельзя, вычитание = Вычитать матрицы разного размера нельзя. Умножение : [[25, 43, 67], [30, 54, 83]]
ERROR - 2023-07-18 19:09:19,608 - Матрицы [[1, 2, 6], [3, 4, 5]] and [[1, 3, 5], [3, 5, 7], [3, 5, 8]] нельзя складывать, т.к. они разного размера
ERROR - 2023-07-18 19:09:19,608 - Матрицы [[1, 2, 6], [3, 4, 5]] and [[1, 3, 5], [3, 5, 7], [3, 5, 8]] нельзя вычитать, т.к. они разного размера
ERROR - 2023-07-18 19:12:52,940 - Матрицы [[1, 2, 6], [3, 4, 5]] and [[1, 3, 5], [3, 5, 7], [3, 5, 8]] нельзя складывать, т.к. они разного размера
ERROR - 2023-07-18 19:12:52,944 - Матрицы [[1, 2, 6], [3, 4, 5]] and [[1, 3, 5], [3, 5, 7], [3, 5, 8]] нельзя вычитать, т.к. они разного размера
INFO - 2023-07-18 19:12:52,944 - [[1, 2, 6], [3, 4, 5]], [[1, 3, 5], [3, 5, 7], [3, 5, 8]] = сумма = Складывать матрицы разного размера нельзя, вычитание = Вычитать матрицы разного размера нельзя. Умножение : [[25, 43, 67], [30, 54, 83]]
ERROR - 2023-07-18 19:12:52,944 - Матрицы [[1, 2, 6], [3, 4, 5]] and [[1, 3, 5], [3, 5, 7], [3, 5, 8]] нельзя складывать, т.к. они разного размера
ERROR - 2023-07-18 19:12:52,945 - Матрицы [[1, 2, 6], [3, 4, 5]] and [[1, 3, 5], [3, 5, 7], [3, 5, 8]] нельзя вычитать, т.к. они разного размера
ERROR - 2023-07-18 19:12:56,381 - Матрицы [[1, 2, 6], [3, 4, 5]] and [[1, 3, 5], [3, 5, 7], [3, 5, 8]] нельзя складывать, т.к. они разного размера
ERROR - 2023-07-18 19:12:56,381 - Матрицы [[1, 2, 6], [3, 4, 5]] and [[1, 3, 5], [3, 5, 7], [3, 5, 8]] нельзя вычитать, т.к. они разного размера
INFO - 2023-07-18 19:12:56,381 - [[1, 2, 6], [3, 4, 5]], [[1, 3, 5], [3, 5, 7], [3, 5, 8]] = сумма = Складывать матрицы разного размера нельзя, вычитание = Вычитать матрицы разного размера нельзя. Умножение : [[25, 43, 67], [30, 54, 83]]
ERROR - 2023-07-18 19:12:56,382 - Матрицы [[1, 2, 6], [3, 4, 5]] and [[1, 3, 5], [3, 5, 7], [3, 5, 8]] нельзя складывать, т.к. они разного размера
ERROR - 2023-07-18 19:12:56,382 - Матрицы [[1, 2, 6], [3, 4, 5]] and [[1, 3, 5], [3, 5, 7], [3, 5, 8]] нельзя вычитать, т.к. они разного размера
ERROR - 2023-07-18 19:13:05,792 - Матрицы [[1, 2, 6], [3, 4, 5]] and [[1, 3, 5], [3, 5, 7], [3, 5, 8]] нельзя складывать, т.к. они разного размера
ERROR - 2023-07-18 19:13:05,792 - Матрицы [[1, 2, 6], [3, 4, 5]] and [[1, 3, 5], [3, 5, 7], [3, 5, 8]] нельзя вычитать, т.к. они разного размера
INFO - 2023-07-18 19:13:05,792 - [[1, 2, 6], [3, 4, 5]], [[1, 3, 5], [3, 5, 7], [3, 5, 8]] = сумма = Складывать матрицы разного размера нельзя, вычитание = Вычитать матрицы разного размера нельзя. Умножение : [[25, 43, 67], [30, 54, 83]]
ERROR - 2023-07-18 19:13:05,792 - Матрицы [[1, 2, 6], [3, 4, 5]] and [[1, 3, 5], [3, 5, 7], [3, 5, 8]] нельзя складывать, т.к. они разного размера
ERROR - 2023-07-18 19:13:05,792 - Матрицы [[1, 2, 6], [3, 4, 5]] and [[1, 3, 5], [3, 5, 7], [3, 5, 8]] нельзя вычитать, т.к. они разного размера
ERROR - 2023-07-18 19:14:11,150 - Матрицы [[1, 2, 6], [3, 4, 5]] and [[1, 3, 5], [3, 5, 7], [3, 5, 8]] нельзя складывать, т.к. они разного размера
ERROR - 2023-07-18 19:14:11,153 - Матрицы [[1, 2, 6], [3, 4, 5]] and [[1, 3, 5], [3, 5, 7], [3, 5, 8]] нельзя вычитать, т.к. они разного размера
INFO - 2023-07-18 19:14:11,153 - [[1, 2, 6], [3, 4, 5]], [[1, 3, 5], [3, 5, 7], [3, 5, 8]] = сумма = Складывать матрицы разного размера нельзя, вычитание = Вычитать матрицы разного размера нельзя. Умножение : [[25, 43, 67], [30, 54, 83]]
ERROR - 2023-07-18 19:14:11,153 - Матрицы [[1, 2, 6], [3, 4, 5]] and [[1, 3, 5], [3, 5, 7], [3, 5, 8]] нельзя складывать, т.к. они разного размера
ERROR - 2023-07-18 19:14:11,153 - Матрицы [[1, 2, 6], [3, 4, 5]] and [[1, 3, 5], [3, 5, 7], [3, 5, 8]] нельзя вычитать, т.к. они разного размера
ERROR - 2023-07-18 19:14:16,583 - Матрицы [[1, 2, 6], [3, 4, 5]] and [[1, 3, 5], [3, 5, 7], [3, 5, 8]] нельзя складывать, т.к. они разного размера
ERROR - 2023-07-18 19:14:16,583 - Матрицы [[1, 2, 6], [3, 4, 5]] and [[1, 3, 5], [3, 5, 7], [3, 5, 8]] нельзя вычитать, т.к. они разного размера
INFO - 2023-07-18 19:14:16,583 - [[1, 2, 6], [3, 4, 5]], [[1, 3, 5], [3, 5, 7], [3, 5, 8]] = сумма = Складывать матрицы разного размера нельзя, вычитание = Вычитать матрицы разного размера нельзя. Умножение : [[25, 43, 67], [30, 54, 83]]
ERROR - 2023-07-18 19:14:16,583 - Матрицы [[1, 2, 6], [3, 4, 5]] and [[1, 3, 5], [3, 5, 7], [3, 5, 8]] нельзя складывать, т.к. они разного размера
ERROR - 2023-07-18 19:14:16,583 - Матрицы [[1, 2, 6], [3, 4, 5]] and [[1, 3, 5], [3, 5, 7], [3, 5, 8]] нельзя вычитать, т.к. они разного размера
ERROR - 2023-07-18 19:19:44,874 - Матрицы ['[[1,', '2,', '6],', '[3,', '4,', '5]]'] and ['[[1,', '3,', '5],', '[3,', '5,', '7],', '[3,', '5,', '8]]'] нельзя складывать, т.к. они разного размера
ERROR - 2023-07-18 19:19:44,877 - Матрицы ['[[1,', '2,', '6],', '[3,', '4,', '5]]'] and ['[[1,', '3,', '5],', '[3,', '5,', '7],', '[3,', '5,', '8]]'] нельзя вычитать, т.к. они разного размера
INFO - 2023-07-18 19:19:44,877 - ['[[1,', '2,', '6],', '[3,', '4,', '5]]'], ['[[1,', '3,', '5],', '[3,', '5,', '7],', '[3,', '5,', '8]]'] = сумма = Складывать матрицы разного размера нельзя, вычитание = Вычитать матрицы разного размера нельзя. Умножение : Перемножать матрицы разной размерности нельзя
ERROR - 2023-07-18 19:19:44,877 - Матрицы ['[[1,', '2,', '6],', '[3,', '4,', '5]]'] and ['[[1,', '3,', '5],', '[3,', '5,', '7],', '[3,', '5,', '8]]'] нельзя складывать, т.к. они разного размера
ERROR - 2023-07-18 19:19:44,877 - Матрицы ['[[1,', '2,', '6],', '[3,', '4,', '5]]'] and ['[[1,', '3,', '5],', '[3,', '5,', '7],', '[3,', '5,', '8]]'] нельзя вычитать, т.к. они разного размера
ERROR - 2023-07-18 19:20:19,634 - Матрицы ['[1,', '2,', '6],', '[3,', '4,', '5]'] and ['[1,', '3,', '5],', '[3,', '5,', '7],', '[3,', '5,', '8]'] нельзя складывать, т.к. они разного размера
ERROR - 2023-07-18 19:20:19,634 - Матрицы ['[1,', '2,', '6],', '[3,', '4,', '5]'] and ['[1,', '3,', '5],', '[3,', '5,', '7],', '[3,', '5,', '8]'] нельзя вычитать, т.к. они разного размера
INFO - 2023-07-18 19:20:19,634 - ['[1,', '2,', '6],', '[3,', '4,', '5]'], ['[1,', '3,', '5],', '[3,', '5,', '7],', '[3,', '5,', '8]'] = сумма = Складывать матрицы разного размера нельзя, вычитание = Вычитать матрицы разного размера нельзя. Умножение : Перемножать матрицы разной размерности нельзя
ERROR - 2023-07-18 19:20:19,634 - Матрицы ['[1,', '2,', '6],', '[3,', '4,', '5]'] and ['[1,', '3,', '5],', '[3,', '5,', '7],', '[3,', '5,', '8]'] нельзя складывать, т.к. они разного размера
ERROR - 2023-07-18 19:20:19,634 - Матрицы ['[1,', '2,', '6],', '[3,', '4,', '5]'] and ['[1,', '3,', '5],', '[3,', '5,', '7],', '[3,', '5,', '8]'] нельзя вычитать, т.к. они разного размера
ERROR - 2023-07-18 19:22:24,634 - Матрицы ['[1,', '2,', '6],', '[3,', '4,', '5]'] and ['[1,', '3,', '5],', '[3,', '5,', '7],', '[3,', '5,', '8]'] нельзя складывать, т.к. они разного размера
ERROR - 2023-07-18 19:22:24,637 - Матрицы ['[1,', '2,', '6],', '[3,', '4,', '5]'] and ['[1,', '3,', '5],', '[3,', '5,', '7],', '[3,', '5,', '8]'] нельзя вычитать, т.к. они разного размера
INFO - 2023-07-18 19:22:24,637 - ['[1,', '2,', '6],', '[3,', '4,', '5]'], ['[1,', '3,', '5],', '[3,', '5,', '7],', '[3,', '5,', '8]'] = сумма = Складывать матрицы разного размера нельзя, вычитание = Вычитать матрицы разного размера нельзя. Умножение : Перемножать матрицы разной размерности нельзя
ERROR - 2023-07-18 19:22:24,638 - Матрицы ['[1,', '2,', '6],', '[3,', '4,', '5]'] and ['[1,', '3,', '5],', '[3,', '5,', '7],', '[3,', '5,', '8]'] нельзя складывать, т.к. они разного размера
ERROR - 2023-07-18 19:22:24,639 - Матрицы ['[1,', '2,', '6],', '[3,', '4,', '5]'] and ['[1,', '3,', '5],', '[3,', '5,', '7],', '[3,', '5,', '8]'] нельзя вычитать, т.к. они разного размера
ERROR - 2023-07-18 19:23:18,699 - Матрицы ['[4,', '5],', '[6,', '7]'] and ['[1,', '3],', '[8,', '11]'] нельзя складывать, т.к. они разного размера
ERROR - 2023-07-18 19:23:43,570 - Матрицы ['[1,', '2,', '6],', '[3,', '4,', '5]'] and ['[1,', '3,', '5],', '[3,', '5,', '7],', '[3,', '5,', '8]'] нельзя складывать, т.к. они разного размера
ERROR - 2023-07-18 19:23:43,570 - Матрицы ['[1,', '2,', '6],', '[3,', '4,', '5]'] and ['[1,', '3,', '5],', '[3,', '5,', '7],', '[3,', '5,', '8]'] нельзя вычитать, т.к. они разного размера
INFO - 2023-07-18 19:23:43,570 - ['[1,', '2,', '6],', '[3,', '4,', '5]'], ['[1,', '3,', '5],', '[3,', '5,', '7],', '[3,', '5,', '8]'] = сумма = Складывать матрицы разного размера нельзя, вычитание = Вычитать матрицы разного размера нельзя. Умножение : Перемножать матрицы разной размерности нельзя
ERROR - 2023-07-18 19:23:43,571 - Матрицы ['[1,', '2,', '6],', '[3,', '4,', '5]'] and ['[1,', '3,', '5],', '[3,', '5,', '7],', '[3,', '5,', '8]'] нельзя складывать, т.к. они разного размера
ERROR - 2023-07-18 19:23:43,571 - Матрицы ['[1,', '2,', '6],', '[3,', '4,', '5]'] and ['[1,', '3,', '5],', '[3,', '5,', '7],', '[3,', '5,', '8]'] нельзя вычитать, т.к. они разного размера
ERROR - 2023-07-18 19:23:59,589 - Матрицы ['[4,', '5],', '[6,', '7]'] and ['[1,', '3],', '[8,', '11]'] нельзя складывать, т.к. они разного размера
ERROR - 2023-07-18 19:25:30,666 - Матрицы ['[4,', '5],', '[6,', '7]'] and ['[1,', '3],', '[8,', '11]'] нельзя складывать, т.к. они разного размера
ERROR - 2023-07-18 19:25:34,480 - Матрицы ['[1,', '2,', '6],', '[3,', '4,', '5]'] and ['[1,', '3,', '5],', '[3,', '5,', '7],', '[3,', '5,', '8]'] нельзя складывать, т.к. они разного размера
ERROR - 2023-07-18 19:25:34,480 - Матрицы ['[1,', '2,', '6],', '[3,', '4,', '5]'] and ['[1,', '3,', '5],', '[3,', '5,', '7],', '[3,', '5,', '8]'] нельзя вычитать, т.к. они разного размера
INFO - 2023-07-18 19:25:34,480 - ['[1,', '2,', '6],', '[3,', '4,', '5]'], ['[1,', '3,', '5],', '[3,', '5,', '7],', '[3,', '5,', '8]'] = сумма = Складывать матрицы разного размера нельзя, вычитание = Вычитать матрицы разного размера нельзя. Умножение : Перемножать матрицы разной размерности нельзя
ERROR - 2023-07-18 19:25:34,480 - Матрицы ['[1,', '2,', '6],', '[3,', '4,', '5]'] and ['[1,', '3,', '5],', '[3,', '5,', '7],', '[3,', '5,', '8]'] нельзя складывать, т.к. они разного размера
ERROR - 2023-07-18 19:25:34,480 - Матрицы ['[1,', '2,', '6],', '[3,', '4,', '5]'] and ['[1,', '3,', '5],', '[3,', '5,', '7],', '[3,', '5,', '8]'] нельзя вычитать, т.к. они разного размера
ERROR - 2023-07-18 19:30:48,839 - Матрицы [[1, 2, 6], [3, 4, 5]] and [[1, 3, 5], [3, 5, 7], [3, 5, 8]] нельзя складывать, т.к. они разного размера
ERROR - 2023-07-18 19:30:48,846 - Матрицы [[1, 2, 6], [3, 4, 5]] and [[1, 3, 5], [3, 5, 7], [3, 5, 8]] нельзя вычитать, т.к. они разного размера
INFO - 2023-07-18 19:30:48,846 - [[1, 2, 6], [3, 4, 5]], [[1, 3, 5], [3, 5, 7], [3, 5, 8]] = сумма = Складывать матрицы разного размера нельзя, вычитание = Вычитать матрицы разного размера нельзя. Умножение : [[25, 43, 67], [30, 54, 83]]
ERROR - 2023-07-18 19:30:48,846 - Матрицы [[1, 2, 6], [3, 4, 5]] and [[1, 3, 5], [3, 5, 7], [3, 5, 8]] нельзя складывать, т.к. они разного размера
ERROR - 2023-07-18 19:30:48,846 - Матрицы [[1, 2, 6], [3, 4, 5]] and [[1, 3, 5], [3, 5, 7], [3, 5, 8]] нельзя вычитать, т.к. они разного размера
ERROR - 2023-07-18 19:31:32,658 - Матрицы [['[', '1', ','], ['2', ','], ['6', ']', ','], ['[', '3', ','], ['4', ','], ['5', ']']] and [['[', '1', ','], ['3', ','], ['5', ']', ','], ['[', '3', ','], ['5', ','], ['7', ']', ','], ['[', '3', ','], ['5', ','], ['8', ']']] нельзя складывать, т.к. они разного размера
ERROR - 2023-07-18 19:31:32,661 - Матрицы [['[', '1', ','], ['2', ','], ['6', ']', ','], ['[', '3', ','], ['4', ','], ['5', ']']] and [['[', '1', ','], ['3', ','], ['5', ']', ','], ['[', '3', ','], ['5', ','], ['7', ']', ','], ['[', '3', ','], ['5', ','], ['8', ']']] нельзя вычитать, т.к. они разного размера
INFO - 2023-07-18 19:31:32,661 - [['[', '1', ','], ['2', ','], ['6', ']', ','], ['[', '3', ','], ['4', ','], ['5', ']']], [['[', '1', ','], ['3', ','], ['5', ']', ','], ['[', '3', ','], ['5', ','], ['7', ']', ','], ['[', '3', ','], ['5', ','], ['8', ']']] = сумма = Складывать матрицы разного размера нельзя, вычитание = Вычитать матрицы разного размера нельзя. Умножение : Перемножать матрицы разной размерности нельзя
ERROR - 2023-07-18 19:31:32,662 - Матрицы [['[', '1', ','], ['2', ','], ['6', ']', ','], ['[', '3', ','], ['4', ','], ['5', ']']] and [['[', '1', ','], ['3', ','], ['5', ']', ','], ['[', '3', ','], ['5', ','], ['7', ']', ','], ['[', '3', ','], ['5', ','], ['8', ']']] нельзя складывать, т.к. они разного размера
ERROR - 2023-07-18 19:31:32,662 - Матрицы [['[', '1', ','], ['2', ','], ['6', ']', ','], ['[', '3', ','], ['4', ','], ['5', ']']] and [['[', '1', ','], ['3', ','], ['5', ']', ','], ['[', '3', ','], ['5', ','], ['7', ']', ','], ['[', '3', ','], ['5', ','], ['8', ']']] нельзя вычитать, т.к. они разного размера
ERROR - 2023-07-18 19:31:47,791 - Матрицы [['[', '4', ','], ['5', ']', ','], ['[', '6', ','], ['7', ']']] and [['[', '1', ','], ['3', ']', ','], ['[', '8', ','], ['1', '1', ']']] нельзя складывать, т.к. они разного размера
ERROR - 2023-07-18 19:32:11,630 - Матрицы [('[', '4', ','), ('5', ']', ','), ('[', '6', ','), ('7', ']')] and [('[', '1', ','), ('3', ']', ','), ('[', '8', ','), ('1', '1', ']')] нельзя складывать, т.к. они разного размера
ERROR - 2023-07-18 19:32:16,050 - Матрицы [('[', '1', ','), ('2', ','), ('6', ']', ','), ('[', '3', ','), ('4', ','), ('5', ']')] and [('[', '1', ','), ('3', ','), ('5', ']', ','), ('[', '3', ','), ('5', ','), ('7', ']', ','), ('[', '3', ','), ('5', ','), ('8', ']')] нельзя складывать, т.к. они разного размера
ERROR - 2023-07-18 19:32:16,050 - Матрицы [('[', '1', ','), ('2', ','), ('6', ']', ','), ('[', '3', ','), ('4', ','), ('5', ']')] and [('[', '1', ','), ('3', ','), ('5', ']', ','), ('[', '3', ','), ('5', ','), ('7', ']', ','), ('[', '3', ','), ('5', ','), ('8', ']')] нельзя вычитать, т.к. они разного размера
INFO - 2023-07-18 19:32:16,050 - [('[', '1', ','), ('2', ','), ('6', ']', ','), ('[', '3', ','), ('4', ','), ('5', ']')], [('[', '1', ','), ('3', ','), ('5', ']', ','), ('[', '3', ','), ('5', ','), ('7', ']', ','), ('[', '3', ','), ('5', ','), ('8', ']')] = сумма = Складывать матрицы разного размера нельзя, вычитание = Вычитать матрицы разного размера нельзя. Умножение : Перемножать матрицы разной размерности нельзя
ERROR - 2023-07-18 19:32:16,050 - Матрицы [('[', '1', ','), ('2', ','), ('6', ']', ','), ('[', '3', ','), ('4', ','), ('5', ']')] and [('[', '1', ','), ('3', ','), ('5', ']', ','), ('[', '3', ','), ('5', ','), ('7', ']', ','), ('[', '3', ','), ('5', ','), ('8', ']')] нельзя складывать, т.к. они разного размера
ERROR - 2023-07-18 19:32:16,050 - Матрицы [('[', '1', ','), ('2', ','), ('6', ']', ','), ('[', '3', ','), ('4', ','), ('5', ']')] and [('[', '1', ','), ('3', ','), ('5', ']', ','), ('[', '3', ','), ('5', ','), ('7', ']', ','), ('[', '3', ','), ('5', ','), ('8', ']')] нельзя вычитать, т.к. они разного размера
ERROR - 2023-07-18 19:32:35,028 - Матрицы ['[1,', '2,', '6],', '[3,', '4,', '5]'] and ['[1,', '3,', '5],', '[3,', '5,', '7],', '[3,', '5,', '8]'] нельзя складывать, т.к. они разного размера
ERROR - 2023-07-18 19:32:35,033 - Матрицы ['[1,', '2,', '6],', '[3,', '4,', '5]'] and ['[1,', '3,', '5],', '[3,', '5,', '7],', '[3,', '5,', '8]'] нельзя вычитать, т.к. они разного размера
INFO - 2023-07-18 19:32:35,033 - ['[1,', '2,', '6],', '[3,', '4,', '5]'], ['[1,', '3,', '5],', '[3,', '5,', '7],', '[3,', '5,', '8]'] = сумма = Складывать матрицы разного размера нельзя, вычитание = Вычитать матрицы разного размера нельзя. Умножение : Перемножать матрицы разной размерности нельзя
ERROR - 2023-07-18 19:32:35,033 - Матрицы ['[1,', '2,', '6],', '[3,', '4,', '5]'] and ['[1,', '3,', '5],', '[3,', '5,', '7],', '[3,', '5,', '8]'] нельзя складывать, т.к. они разного размера
ERROR - 2023-07-18 19:32:35,033 - Матрицы ['[1,', '2,', '6],', '[3,', '4,', '5]'] and ['[1,', '3,', '5],', '[3,', '5,', '7],', '[3,', '5,', '8]'] нельзя вычитать, т.к. они разного размера
ERROR - 2023-07-18 19:32:46,356 - Матрицы ['[4,', '5],', '[6,', '7]'] and ['[1,', '3],', '[8,', '11]'] нельзя складывать, т.к. они разного размера
ERROR - 2023-07-18 19:33:34,230 - Матрицы [{',', '[', '1'}, {'2', ','}, {',', '6', ']'}, {'3', ',', '['}, {'4', ','}, {'5', ']'}] and [{',', '[', '1'}, {'3', ','}, {'5', ',', ']'}, {'3', ',', '['}, {'5', ','}, {',', '7', ']'}, {'3', ',', '['}, {'5', ','}, {'8', ']'}] нельзя складывать, т.к. они разного размера
ERROR - 2023-07-18 19:33:34,235 - Матрицы [{',', '[', '1'}, {'2', ','}, {',', '6', ']'}, {'3', ',', '['}, {'4', ','}, {'5', ']'}] and [{',', '[', '1'}, {'3', ','}, {'5', ',', ']'}, {'3', ',', '['}, {'5', ','}, {',', '7', ']'}, {'3', ',', '['}, {'5', ','}, {'8', ']'}] нельзя вычитать, т.к. они разного размера
INFO - 2023-07-18 19:33:34,235 - [{',', '[', '1'}, {'2', ','}, {',', '6', ']'}, {'3', ',', '['}, {'4', ','}, {'5', ']'}], [{',', '[', '1'}, {'3', ','}, {'5', ',', ']'}, {'3', ',', '['}, {'5', ','}, {',', '7', ']'}, {'3', ',', '['}, {'5', ','}, {'8', ']'}] = сумма = Складывать матрицы разного размера нельзя, вычитание = Вычитать матрицы разного размера нельзя. Умножение : Перемножать матрицы разной размерности нельзя
ERROR - 2023-07-18 19:33:34,236 - Матрицы [{',', '[', '1'}, {'2', ','}, {',', '6', ']'}, {'3', ',', '['}, {'4', ','}, {'5', ']'}] and [{',', '[', '1'}, {'3', ','}, {'5', ',', ']'}, {'3', ',', '['}, {'5', ','}, {',', '7', ']'}, {'3', ',', '['}, {'5', ','}, {'8', ']'}] нельзя складывать, т.к. они разного размера
ERROR - 2023-07-18 19:33:34,236 - Матрицы [{',', '[', '1'}, {'2', ','}, {',', '6', ']'}, {'3', ',', '['}, {'4', ','}, {'5', ']'}] and [{',', '[', '1'}, {'3', ','}, {'5', ',', ']'}, {'3', ',', '['}, {'5', ','}, {',', '7', ']'}, {'3', ',', '['}, {'5', ','}, {'8', ']'}] нельзя вычитать, т.к. они разного размера
ERROR - 2023-07-18 19:33:52,035 - Матрицы [['[', '1', ','], ['2', ','], ['6', ']', ','], ['[', '3', ','], ['4', ','], ['5', ']']] and [['[', '1', ','], ['3', ','], ['5', ']', ','], ['[', '3', ','], ['5', ','], ['7', ']', ','], ['[', '3', ','], ['5', ','], ['8', ']']] нельзя складывать, т.к. они разного размера
ERROR - 2023-07-18 19:33:52,037 - Матрицы [['[', '1', ','], ['2', ','], ['6', ']', ','], ['[', '3', ','], ['4', ','], ['5', ']']] and [['[', '1', ','], ['3', ','], ['5', ']', ','], ['[', '3', ','], ['5', ','], ['7', ']', ','], ['[', '3', ','], ['5', ','], ['8', ']']] нельзя вычитать, т.к. они разного размера
INFO - 2023-07-18 19:33:52,038 - [['[', '1', ','], ['2', ','], ['6', ']', ','], ['[', '3', ','], ['4', ','], ['5', ']']], [['[', '1', ','], ['3', ','], ['5', ']', ','], ['[', '3', ','], ['5', ','], ['7', ']', ','], ['[', '3', ','], ['5', ','], ['8', ']']] = сумма = Складывать матрицы разного размера нельзя, вычитание = Вычитать матрицы разного размера нельзя. Умножение : Перемножать матрицы разной размерности нельзя
ERROR - 2023-07-18 19:33:52,038 - Матрицы [['[', '1', ','], ['2', ','], ['6', ']', ','], ['[', '3', ','], ['4', ','], ['5', ']']] and [['[', '1', ','], ['3', ','], ['5', ']', ','], ['[', '3', ','], ['5', ','], ['7', ']', ','], ['[', '3', ','], ['5', ','], ['8', ']']] нельзя складывать, т.к. они разного размера
ERROR - 2023-07-18 19:33:52,038 - Матрицы [['[', '1', ','], ['2', ','], ['6', ']', ','], ['[', '3', ','], ['4', ','], ['5', ']']] and [['[', '1', ','], ['3', ','], ['5', ']', ','], ['[', '3', ','], ['5', ','], ['7', ']', ','], ['[', '3', ','], ['5', ','], ['8', ']']] нельзя вычитать, т.к. они разного размера
ERROR - 2023-07-18 19:34:14,075 - Матрицы ['[1,', '2,', '6],', '[3,', '4,', '5]'] and ['[1,', '3,', '5],', '[3,', '5,', '7],', '[3,', '5,', '8]'] нельзя складывать, т.к. они разного размера
ERROR - 2023-07-18 19:34:14,077 - Матрицы ['[1,', '2,', '6],', '[3,', '4,', '5]'] and ['[1,', '3,', '5],', '[3,', '5,', '7],', '[3,', '5,', '8]'] нельзя вычитать, т.к. они разного размера
INFO - 2023-07-18 19:34:14,078 - ['[1,', '2,', '6],', '[3,', '4,', '5]'], ['[1,', '3,', '5],', '[3,', '5,', '7],', '[3,', '5,', '8]'] = сумма = Складывать матрицы разного размера нельзя, вычитание = Вычитать матрицы разного размера нельзя. Умножение : Перемножать матрицы разной размерности нельзя
ERROR - 2023-07-18 19:34:14,078 - Матрицы ['[1,', '2,', '6],', '[3,', '4,', '5]'] and ['[1,', '3,', '5],', '[3,', '5,', '7],', '[3,', '5,', '8]'] нельзя складывать, т.к. они разного размера
ERROR - 2023-07-18 19:34:14,078 - Матрицы ['[1,', '2,', '6],', '[3,', '4,', '5]'] and ['[1,', '3,', '5],', '[3,', '5,', '7],', '[3,', '5,', '8]'] нельзя вычитать, т.к. они разного размера
ERROR - 2023-07-18 19:35:02,526 - Матрицы ['1', '2', '6', '3', '4', '5'] and ['1', '3', '5', '3', '5', '7', '3', '5', '8'] нельзя складывать, т.к. они разного размера
ERROR - 2023-07-18 19:35:02,529 - Матрицы ['1', '2', '6', '3', '4', '5'] and ['1', '3', '5', '3', '5', '7', '3', '5', '8'] нельзя вычитать, т.к. они разного размера
INFO - 2023-07-18 19:35:02,529 - ['1', '2', '6', '3', '4', '5'], ['1', '3', '5', '3', '5', '7', '3', '5', '8'] = сумма = Складывать матрицы разного размера нельзя, вычитание = Вычитать матрицы разного размера нельзя. Умножение : Перемножать матрицы разной размерности нельзя
ERROR - 2023-07-18 19:35:02,529 - Матрицы ['1', '2', '6', '3', '4', '5'] and ['1', '3', '5', '3', '5', '7', '3', '5', '8'] нельзя складывать, т.к. они разного размера
ERROR - 2023-07-18 19:35:02,530 - Матрицы ['1', '2', '6', '3', '4', '5'] and ['1', '3', '5', '3', '5', '7', '3', '5', '8'] нельзя вычитать, т.к. они разного размера
ERROR - 2023-07-18 19:35:26,598 - Матрицы [['1'], ['2'], ['6'], ['3'], ['4'], ['5']] and [['1'], ['3'], ['5'], ['3'], ['5'], ['7'], ['3'], ['5'], ['8']] нельзя складывать, т.к. они разного размера
ERROR - 2023-07-18 19:35:26,598 - Матрицы [['1'], ['2'], ['6'], ['3'], ['4'], ['5']] and [['1'], ['3'], ['5'], ['3'], ['5'], ['7'], ['3'], ['5'], ['8']] нельзя вычитать, т.к. они разного размера
INFO - 2023-07-18 19:35:26,598 - [['1'], ['2'], ['6'], ['3'], ['4'], ['5']], [['1'], ['3'], ['5'], ['3'], ['5'], ['7'], ['3'], ['5'], ['8']] = сумма = Складывать матрицы разного размера нельзя, вычитание = Вычитать матрицы разного размера нельзя. Умножение : Перемножать матрицы разной размерности нельзя
ERROR - 2023-07-18 19:35:26,599 - Матрицы [['1'], ['2'], ['6'], ['3'], ['4'], ['5']] and [['1'], ['3'], ['5'], ['3'], ['5'], ['7'], ['3'], ['5'], ['8']] нельзя складывать, т.к. они разного размера
ERROR - 2023-07-18 19:35:26,599 - Матрицы [['1'], ['2'], ['6'], ['3'], ['4'], ['5']] and [['1'], ['3'], ['5'], ['3'], ['5'], ['7'], ['3'], ['5'], ['8']] нельзя вычитать, т.к. они разного размера
ERROR - 2023-07-18 19:35:47,852 - Матрицы [1, 2, 6, 3, 4, 5] and [1, 3, 5, 3, 5, 7, 3, 5, 8] нельзя складывать, т.к. они разного размера
ERROR - 2023-07-18 19:35:47,854 - Матрицы [1, 2, 6, 3, 4, 5] and [1, 3, 5, 3, 5, 7, 3, 5, 8] нельзя вычитать, т.к. они разного размера
ERROR - 2023-07-18 19:36:01,706 - Матрицы [1, 2, 6, 3, 4, 5] and [1, 3, 5, 3, 5, 7, 3, 5, 8] нельзя складывать, т.к. они разного размера
ERROR - 2023-07-18 19:36:01,707 - Матрицы [1, 2, 6, 3, 4, 5] and [1, 3, 5, 3, 5, 7, 3, 5, 8] нельзя вычитать, т.к. они разного размера
ERROR - 2023-07-18 19:36:22,484 - Матрицы [['1'], ['2'], ['6'], ['3'], ['4'], ['5']] and [('1',), ('3',), ('5',), ('3',), ('5',), ('7',), ('3',), ('5',), ('8',)] нельзя складывать, т.к. они разного размера
ERROR - 2023-07-18 19:36:22,486 - Матрицы [['1'], ['2'], ['6'], ['3'], ['4'], ['5']] and [('1',), ('3',), ('5',), ('3',), ('5',), ('7',), ('3',), ('5',), ('8',)] нельзя вычитать, т.к. они разного размера
INFO - 2023-07-18 19:36:22,486 - [['1'], ['2'], ['6'], ['3'], ['4'], ['5']], [('1',), ('3',), ('5',), ('3',), ('5',), ('7',), ('3',), ('5',), ('8',)] = сумма = Складывать матрицы разного размера нельзя, вычитание = Вычитать матрицы разного размера нельзя. Умножение : Перемножать матрицы разной размерности нельзя
ERROR - 2023-07-18 19:36:22,486 - Матрицы [['1'], ['2'], ['6'], ['3'], ['4'], ['5']] and [('1',), ('3',), ('5',), ('3',), ('5',), ('7',), ('3',), ('5',), ('8',)] нельзя складывать, т.к. они разного размера
ERROR - 2023-07-18 19:36:22,487 - Матрицы [['1'], ['2'], ['6'], ['3'], ['4'], ['5']] and [('1',), ('3',), ('5',), ('3',), ('5',), ('7',), ('3',), ('5',), ('8',)] нельзя вычитать, т.к. они разного размера
ERROR - 2023-07-18 19:42:11,832 - Матрицы [['[', '1', ','], ['2', ','], ['6', ']', ','], ['[', '3', ','], ['4', ','], ['5', ']']] and [('[', '1', ','), ('3', ','), ('5', ']', ','), ('[', '3', ','), ('5', ','), ('7', ']', ','), ('[', '3', ','), ('5', ','), ('8', ']')] нельзя складывать, т.к. они разного размера
ERROR - 2023-07-18 19:42:11,834 - Матрицы [['[', '1', ','], ['2', ','], ['6', ']', ','], ['[', '3', ','], ['4', ','], ['5', ']']] and [('[', '1', ','), ('3', ','), ('5', ']', ','), ('[', '3', ','), ('5', ','), ('7', ']', ','), ('[', '3', ','), ('5', ','), ('8', ']')] нельзя вычитать, т.к. они разного размера
ERROR - 2023-07-18 19:52:06,977 - Матрицы ['[1,', '2,', '6],', '[3,', '4,', '5]'] and ['1', '3', '5', '3', '5', '7', '3', '5', '8'] нельзя складывать, т.к. они разного размера
ERROR - 2023-07-18 19:52:06,979 - Матрицы ['[1,', '2,', '6],', '[3,', '4,', '5]'] and ['1', '3', '5', '3', '5', '7', '3', '5', '8'] нельзя вычитать, т.к. они разного размера
INFO - 2023-07-18 19:52:06,980 - ['[1,', '2,', '6],', '[3,', '4,', '5]'], ['1', '3', '5', '3', '5', '7', '3', '5', '8'] = сумма = Складывать матрицы разного размера нельзя, вычитание = Вычитать матрицы разного размера нельзя. Умножение : Перемножать матрицы разной размерности нельзя
ERROR - 2023-07-18 19:52:06,980 - Матрицы ['[1,', '2,', '6],', '[3,', '4,', '5]'] and ['1', '3', '5', '3', '5', '7', '3', '5', '8'] нельзя складывать, т.к. они разного размера
ERROR - 2023-07-18 19:52:06,980 - Матрицы ['[1,', '2,', '6],', '[3,', '4,', '5]'] and ['1', '3', '5', '3', '5', '7', '3', '5', '8'] нельзя вычитать, т.к. они разного размера
ERROR - 2023-07-18 19:52:19,909 - Матрицы ['[1,', '2,', '6],', '[3,', '4,', '5]'] and ['[1,', '3,', '5],', '[3,', '5,', '7],', '[3,', '5,', '8]'] нельзя складывать, т.к. они разного размера
ERROR - 2023-07-18 19:52:19,909 - Матрицы ['[1,', '2,', '6],', '[3,', '4,', '5]'] and ['[1,', '3,', '5],', '[3,', '5,', '7],', '[3,', '5,', '8]'] нельзя вычитать, т.к. они разного размера
INFO - 2023-07-18 19:52:19,909 - ['[1,', '2,', '6],', '[3,', '4,', '5]'], ['[1,', '3,', '5],', '[3,', '5,', '7],', '[3,', '5,', '8]'] = сумма = Складывать матрицы разного размера нельзя, вычитание = Вычитать матрицы разного размера нельзя. Умножение : Перемножать матрицы разной размерности нельзя
ERROR - 2023-07-18 19:52:19,909 - Матрицы ['[1,', '2,', '6],', '[3,', '4,', '5]'] and ['[1,', '3,', '5],', '[3,', '5,', '7],', '[3,', '5,', '8]'] нельзя складывать, т.к. они разного размера
ERROR - 2023-07-18 19:52:19,909 - Матрицы ['[1,', '2,', '6],', '[3,', '4,', '5]'] and ['[1,', '3,', '5],', '[3,', '5,', '7],', '[3,', '5,', '8]'] нельзя вычитать, т.к. они разного размера
